<?xml version="1.0" encoding="UTF-8"?>
<!-- Generated by org.testng.reporters.JUnitReportReporter -->
<testsuite hostname="User-PC" failures="0" tests="3" name="FirstTestCase" time="0.000" errors="0" timestamp="2022-11-28T18:15:15 UZT" skipped="0">
  <testcase classname="FirstTestCase" name="loginApplication" time="0.000"/>
  <system-out/>
  <testcase classname="FirstTestCase" name="selectItems" time="0.000"/>
  <system-out/>
  <testcase classname="FirstTestCase" name="checkout" time="0.000"/>
  <system-out/>
</testsuite> <!-- FirstTestCase -->
