<?xml version="1.0" encoding="UTF-8"?>
<!-- Generated by org.testng.reporters.JUnitReportReporter -->
<testsuite hostname="User-PC" failures="0" tests="1" name="paralleltesting.ParallelTest2" time="14.645" errors="0" timestamp="2022-11-28T18:21:16 UZT" skipped="0">
  <testcase classname="paralleltesting.ParallelTest2" name="loginTest" time="14.645"/>
  <system-out/>
</testsuite> <!-- paralleltesting.ParallelTest2 -->
