<?xml version="1.0" encoding="UTF-8"?>
<!-- Generated by org.testng.reporters.JUnitReportReporter -->
<testsuite hostname="User-PC" failures="0" tests="3" name="SecondTestCase" time="0.000" errors="0" timestamp="2022-11-28T18:15:15 UZT" skipped="0">
  <testcase classname="SecondTestCase" name="setup" time="0.000"/>
  <system-out/>
  <testcase classname="SecondTestCase" name="searchCustomer" time="0.000"/>
  <system-out/>
  <testcase classname="SecondTestCase" name="addCustomer" time="0.000"/>
  <system-out/>
</testsuite> <!-- SecondTestCase -->
