<?xml version="1.0" encoding="UTF-8"?>
<!-- Generated by org.testng.reporters.JUnitReportReporter -->
<testsuite hostname="User-PC" failures="0" tests="2" name="paralleltesting.ParallelTest1" time="32.450" errors="0" timestamp="2022-11-28T18:21:16 UZT" skipped="0">
  <testcase classname="paralleltesting.ParallelTest1" name="logoTest" time="17.353"/>
  <system-out/>
  <testcase classname="paralleltesting.ParallelTest1" name="homePageTitle" time="15.097"/>
  <system-out/>
</testsuite> <!-- paralleltesting.ParallelTest1 -->
